Using pre-set license
Built from '6000.0/staging' branch; Version is '6000.0.24f1 (11fa355cd605) revision 1178165'; Using compiler version '193933523'; Build Type 'Release'
OS: 'Windows 11  (10.0.26100) 64bit CoreSingleLanguage' Language: 'pt' Physical Memory: 14227 MB
BatchMode: 1, IsHumanControllingUs: 0, StartBugReporterOnCrash: 0, Is64bit: 1, IsPro: 1

COMMAND LINE ARGUMENTS:
C:\Program Files\Unity\Hub\Editor\6000.0.24f1\Editor\Unity.exe
-adb2
-batchMode
-noUpm
-name
AssetImportWorker1
-projectPath
D:/Dev/TCC/tcc
-logFile
Logs/AssetImportWorker1.log
-srvPort
58935
-job-worker-count
3
-background-job-worker-count
8
-asset-garbage-collectors
1
Successfully changed project path to: D:/Dev/TCC/tcc
D:/Dev/TCC/tcc
[UnityMemory] Configuration Parameters - Can be set up in boot.config
    "memorysetup-bucket-allocator-granularity=16"
    "memorysetup-bucket-allocator-bucket-count=8"
    "memorysetup-bucket-allocator-block-size=33554432"
    "memorysetup-bucket-allocator-block-count=8"
    "memorysetup-main-allocator-block-size=16777216"
    "memorysetup-thread-allocator-block-size=16777216"
    "memorysetup-gfx-main-allocator-block-size=16777216"
    "memorysetup-gfx-thread-allocator-block-size=16777216"
    "memorysetup-cache-allocator-block-size=4194304"
    "memorysetup-typetree-allocator-block-size=2097152"
    "memorysetup-profiler-bucket-allocator-granularity=16"
    "memorysetup-profiler-bucket-allocator-bucket-count=8"
    "memorysetup-profiler-bucket-allocator-block-size=33554432"
    "memorysetup-profiler-bucket-allocator-block-count=8"
    "memorysetup-profiler-allocator-block-size=16777216"
    "memorysetup-profiler-editor-allocator-block-size=1048576"
    "memorysetup-temp-allocator-size-main=16777216"
    "memorysetup-job-temp-allocator-block-size=2097152"
    "memorysetup-job-temp-allocator-block-size-background=1048576"
    "memorysetup-job-temp-allocator-reduction-small-platforms=262144"
    "memorysetup-allocator-temp-initial-block-size-main=262144"
    "memorysetup-allocator-temp-initial-block-size-worker=262144"
    "memorysetup-temp-allocator-size-background-worker=32768"
    "memorysetup-temp-allocator-size-job-worker=262144"
    "memorysetup-temp-allocator-size-preload-manager=33554432"
    "memorysetup-temp-allocator-size-nav-mesh-worker=65536"
    "memorysetup-temp-allocator-size-audio-worker=65536"
    "memorysetup-temp-allocator-size-cloud-worker=32768"
    "memorysetup-temp-allocator-size-gi-baking-worker=262144"
    "memorysetup-temp-allocator-size-gi-baking-worker=262144"
    "memorysetup-temp-allocator-size-gi-baking-worker=262144"
    "memorysetup-temp-allocator-size-gi-baking-worker=262144"
    "memorysetup-temp-allocator-size-gi-baking-worker=262144"
    "memorysetup-temp-allocator-size-gfx=262144"
Player connection [29272]  Target information:

Player connection [29272]  * "[IP] 10.212.134.101 [Port] 0 [Flags] 2 [Guid] 29035490 [EditorId] 29035490 [Version] 1048832 [Id] WindowsEditor(7,DESKTOP-2SH6H16) [Debug] 1 [PackageName] WindowsEditor [ProjectName] Editor" 

Player connection [29272]  * "[IP] 192.168.1.22 [Port] 0 [Flags] 2 [Guid] 29035490 [EditorId] 29035490 [Version] 1048832 [Id] WindowsEditor(7,DESKTOP-2SH6H16) [Debug] 1 [PackageName] WindowsEditor [ProjectName] Editor" 

Player connection [29272] Host joined multi-casting on [225.0.0.222:54997]...
Player connection [29272] Host joined alternative multi-casting on [225.0.0.222:34997]...
JobSystem: Creating JobQueue using job-worker-count value 3
[Physics::Module] Initialized fallback backend.
[Physics::Module] Id: 0xdecafbad
Library Redirect Path: Library/
[Physics::Module] Selected backend.
[Physics::Module] Name: PhysX
[Physics::Module] Id: 0xf2b8ea05
[Physics::Module] SDK Version: 4.1.2
[Physics::Module] Integration Version: 1.0.0
[Physics::Module] Threading Mode: Multi-Threaded
Refreshing native plugins compatible for Editor in 691.63 ms, found 4 plugins.
Preloading 0 native plugins for Editor in 0.00 ms.
Initialize engine version: 6000.0.24f1 (11fa355cd605)
[Subsystems] Discovering subsystems at path C:/Program Files/Unity/Hub/Editor/6000.0.24f1/Editor/Data/Resources/UnitySubsystems
[Subsystems] Discovering subsystems at path D:/Dev/TCC/tcc/Assets
GfxDevice: creating device client; kGfxThreadingModeNonThreaded
Direct3D:
    Version:  Direct3D 11.0 [level 11.1]
    Renderer: NVIDIA GeForce GTX 1660 SUPER (ID=0x21c4)
    Vendor:   NVIDIA
    VRAM:     5966 MB
    Driver:   32.0.15.6094
Initialize mono
Mono path[0] = 'C:/Program Files/Unity/Hub/Editor/6000.0.24f1/Editor/Data/Managed'
Mono path[1] = 'C:/Program Files/Unity/Hub/Editor/6000.0.24f1/Editor/Data/MonoBleedingEdge/lib/mono/unityjit-win32'
Mono config path = 'C:/Program Files/Unity/Hub/Editor/6000.0.24f1/Editor/Data/MonoBleedingEdge/etc'
Using monoOptions --debugger-agent=transport=dt_socket,embedding=1,server=y,suspend=n,address=127.0.0.1:56908
Begin MonoManager ReloadAssembly
Registering precompiled unity dll's ...
Register platform support module: C:/Program Files/Unity/Hub/Editor/6000.0.24f1/Editor/Data/PlaybackEngines/WebGLSupport/UnityEditor.WebGL.Extensions.dll
Register platform support module: C:/Program Files/Unity/Hub/Editor/6000.0.24f1/Editor/Data/PlaybackEngines/WindowsStandaloneSupport/UnityEditor.WindowsStandalone.Extensions.dll
Register platform support module: C:/Program Files/Unity/Hub/Editor/6000.0.24f1/Editor/Data/PlaybackEngines/AndroidPlayer/UnityEditor.Android.Extensions.dll
Register platform support module: C:/Program Files/Unity/Hub/Editor/6000.0.24f1/Editor/Data/PlaybackEngines/iOSSupport/UnityEditor.iOS.Extensions.dll
Registered in 0.010969 seconds.
- Loaded All Assemblies, in  0.800 seconds
[usbmuxd] Start listen thread
[usbmuxd] Listen thread started
Native extension for iOS target not found
Native extension for Android target not found
Android Extension - Scanning For ADB Devices 374 ms
Native extension for WindowsStandalone target not found
Native extension for WebGL target not found
Mono: successfully reloaded assembly
- Finished resetting the current domain, in  1.061 seconds
Domain Reload Profiling: 1857ms
	BeginReloadAssembly (382ms)
		ExecutionOrderSort (0ms)
		DisableScriptedObjects (0ms)
		BackupInstance (0ms)
		ReleaseScriptingObjects (0ms)
		CreateAndSetChildDomain (1ms)
	RebuildCommonClasses (56ms)
	RebuildNativeTypeToScriptingClass (17ms)
	initialDomainReloadingComplete (82ms)
	LoadAllAssembliesAndSetupDomain (258ms)
		LoadAssemblies (376ms)
		RebuildTransferFunctionScriptingTraits (0ms)
		AnalyzeDomain (250ms)
			TypeCache.Refresh (248ms)
				TypeCache.ScanAssembly (230ms)
			BuildScriptInfoCaches (0ms)
			ResolveRequiredComponents (1ms)
	FinalizeReload (1063ms)
		ReleaseScriptCaches (0ms)
		RebuildScriptCaches (0ms)
		SetupLoadedEditorAssemblies (985ms)
			LogAssemblyErrors (0ms)
			InitializePlatformSupportModulesInManaged (538ms)
			SetLoadedEditorAssemblies (7ms)
			BeforeProcessingInitializeOnLoad (11ms)
			ProcessInitializeOnLoadAttributes (301ms)
			ProcessInitializeOnLoadMethodAttributes (124ms)
			AfterProcessingInitializeOnLoad (4ms)
			EditorAssembliesLoaded (0ms)
		ExecutionOrderSort2 (0ms)
		AwakeInstancesAfterBackupRestoration (0ms)
========================================================================
Worker process is ready to serve import requests
Import Worker Mode flag is 0x00
Begin MonoManager ReloadAssembly
- Loaded All Assemblies, in  6.253 seconds
Refreshing native plugins compatible for Editor in 8.90 ms, found 4 plugins.
Native extension for iOS target not found
Native extension for Android target not found
Native extension for WindowsStandalone target not found
Native extension for WebGL target not found
Mono: successfully reloaded assembly
Package Manager log level set to [2]
[Package Manager] Failed to launch server process. Reason: Unity was launched with the -noUpm command-line argument
[Package Manager] Unable to send message (not connected to server process).
[Package Manager] Cannot connect to Unity Package Manager local server
[Package Manager] Failed to launch server process. Reason: Unity was launched with the -noUpm command-line argument
[Package Manager] Unable to send message (not connected to server process).
[Package Manager] Cannot connect to Unity Package Manager local server
- Finished resetting the current domain, in  4.235 seconds
Domain Reload Profiling: 10468ms
	BeginReloadAssembly (1316ms)
		ExecutionOrderSort (0ms)
		DisableScriptedObjects (11ms)
		BackupInstance (0ms)
		ReleaseScriptingObjects (0ms)
		CreateAndSetChildDomain (52ms)
	RebuildCommonClasses (62ms)
	RebuildNativeTypeToScriptingClass (17ms)
	initialDomainReloadingComplete (100ms)
	LoadAllAssembliesAndSetupDomain (4737ms)
		LoadAssemblies (4319ms)
		RebuildTransferFunctionScriptingTraits (0ms)
		AnalyzeDomain (605ms)
			TypeCache.Refresh (449ms)
				TypeCache.ScanAssembly (402ms)
			BuildScriptInfoCaches (133ms)
			ResolveRequiredComponents (18ms)
	FinalizeReload (4235ms)
		ReleaseScriptCaches (0ms)
		RebuildScriptCaches (0ms)
		SetupLoadedEditorAssemblies (2575ms)
			LogAssemblyErrors (0ms)
			InitializePlatformSupportModulesInManaged (33ms)
			SetLoadedEditorAssemblies (9ms)
			BeforeProcessingInitializeOnLoad (340ms)
			ProcessInitializeOnLoadAttributes (743ms)
			ProcessInitializeOnLoadMethodAttributes (1436ms)
			AfterProcessingInitializeOnLoad (15ms)
			EditorAssembliesLoaded (0ms)
		ExecutionOrderSort2 (0ms)
		AwakeInstancesAfterBackupRestoration (10ms)
Launched and connected shader compiler UnityShaderCompiler.exe after 0.06 seconds
Refreshing native plugins compatible for Editor in 8.75 ms, found 4 plugins.
Preloading 0 native plugins for Editor in 0.00 ms.
Unloading 206 Unused Serialized files (Serialized files now loaded: 0)
Unloading 6859 unused Assets / (9.3 MB). Loaded Objects now: 7561.
Memory consumption went from 195.4 MB to 186.0 MB.
Total: 14.153600 ms (FindLiveObjects: 1.098300 ms CreateObjectMapping: 0.987600 ms MarkObjects: 6.508900 ms  DeleteObjects: 5.557100 ms)

========================================================================
Received Import Request.
  Time since last request: 11152.488378 seconds.
  path: Assets/Readme.asset
  artifactKey: Guid(7f2c382dc2c22446db59030979f6e495) Importer(815301076,1909f56bfc062723c751e8b465ee728b)
Start importing Assets/Readme.asset using Guid(7f2c382dc2c22446db59030979f6e495) Importer(815301076,1909f56bfc062723c751e8b465ee728b) (PreviewImporter) -> (artifact id: 'e2339008487019e865a17bdb43e2d5b0') in 0.0938821 seconds
Number of updated asset objects reloaded before import = 0Number of asset objects unloaded after import = 2

========================================================================
Received Import Request.
  Time since last request: 0.000023 seconds.
  path: Assets/DefaultVolumeProfile.asset
  artifactKey: Guid(3f9215ea0144899419cfbc0957140d3f) Importer(815301076,1909f56bfc062723c751e8b465ee728b)
Start importing Assets/DefaultVolumeProfile.asset using Guid(3f9215ea0144899419cfbc0957140d3f) Importer(815301076,1909f56bfc062723c751e8b465ee728b) (PreviewImporter) -> (artifact id: '1e3ee85287093c2e01e2184a29fd3edf') in 0.0021723 seconds
Number of updated asset objects reloaded before import = 0Number of asset objects unloaded after import = 0

========================================================================
Received Prepare
Refreshing native plugins compatible for Editor in 13.75 ms, found 4 plugins.
Preloading 0 native plugins for Editor in 0.00 ms.
Unloading 46 Unused Serialized files (Serialized files now loaded: 0)
Unloading 6837 unused Assets / (9.8 MB). Loaded Objects now: 7567.
Memory consumption went from 169.1 MB to 159.3 MB.
Total: 18.607900 ms (FindLiveObjects: 1.049500 ms CreateObjectMapping: 1.493100 ms MarkObjects: 9.651100 ms  DeleteObjects: 6.411900 ms)

Prepare: number of updated asset objects reloaded= 0
========================================================================
Received Prepare
Begin MonoManager ReloadAssembly
- Loaded All Assemblies, in  2.195 seconds
Refreshing native plugins compatible for Editor in 10.71 ms, found 4 plugins.
Assertion failed on expression: 'pred(*previous, *i)'
0x00007ff894bd61ed (Unity) StackWalker::ShowCallstack
0x00007ff894be61a9 (Unity) PlatformStacktrace::GetStacktrace
0x00007ff895e4fd1e (Unity) Stacktrace::GetStacktrace
0x00007ff8963f856f (Unity) DebugStringToFile
0x00007ff8963f812a (Unity) AssertImplementation
0x00007ff894a87363 (Unity) MonoScriptManager::CollectGarbageIn
0x00007ff894a87018 (Unity) MonoScriptManager::CollectGarbage
0x00007ff894ac0078 (Unity) MonoManager::FinalizeReload
0x00007ff895ff4e55 (Unity) ScriptingInitializer::FinalizeReload
0x00007ff8960441bf (Unity) AssetImportWorkerClient::ReloadScriptingDomain
0x00007ff89601dd2c (Unity) <lambda_94302c41bc55323db1fed16712a08587>::operator()
0x00007ff89610160e (Unity) asio::detail::completion_handler<core::mutable_function<void __cdecl(void)>,asio::io_context::basic_executor_type<std::allocator<void>,0> >::do_complete
0x00007ff8960eee9a (Unity) asio::detail::win_iocp_io_context::do_one
0x00007ff8960f0204 (Unity) asio::detail::win_iocp_io_context::run
0x00007ff8960ffc2c (Unity) IOService::Run
0x00007ff896048236 (Unity) RunAssetImportWorkerClientV2
0x00007ff8960482fb (Unity) RunAssetImporterV2
0x00007ff895854e69 (Unity) Application::InitializeProject
0x00007ff895e5a353 (Unity) UnityMain
0x00007ff7550b2fba (Unity) __scrt_common_main_seh
0x00007ff950efe8d7 (KERNEL32) BaseThreadInitThunk
0x00007ff952b1bf6c (ntdll) RtlUserThreadStart

Assertion failed on expression: 'pred(*previous, *i)'
0x00007ff894bd61ed (Unity) StackWalker::ShowCallstack
0x00007ff894be61a9 (Unity) PlatformStacktrace::GetStacktrace
0x00007ff895e4fd1e (Unity) Stacktrace::GetStacktrace
0x00007ff8963f856f (Unity) DebugStringToFile
0x00007ff8963f812a (Unity) AssertImplementation
0x00007ff894a87363 (Unity) MonoScriptManager::CollectGarbageIn
0x00007ff894a87018 (Unity) MonoScriptManager::CollectGarbage
0x00007ff894ac0078 (Unity) MonoManager::FinalizeReload
0x00007ff895ff4e55 (Unity) ScriptingInitializer::FinalizeReload
0x00007ff8960441bf (Unity) AssetImportWorkerClient::ReloadScriptingDomain
0x00007ff89601dd2c (Unity) <lambda_94302c41bc55323db1fed16712a08587>::operator()
0x00007ff89610160e (Unity) asio::detail::completion_handler<core::mutable_function<void __cdecl(void)>,asio::io_context::basic_executor_type<std::allocator<void>,0> >::do_complete
0x00007ff8960eee9a (Unity) asio::detail::win_iocp_io_context::do_one
0x00007ff8960f0204 (Unity) asio::detail::win_iocp_io_context::run
0x00007ff8960ffc2c (Unity) IOService::Run
0x00007ff896048236 (Unity) RunAssetImportWorkerClientV2
0x00007ff8960482fb (Unity) RunAssetImporterV2
0x00007ff895854e69 (Unity) Application::InitializeProject
0x00007ff895e5a353 (Unity) UnityMain
0x00007ff7550b2fba (Unity) __scrt_common_main_seh
0x00007ff950efe8d7 (KERNEL32) BaseThreadInitThunk
0x00007ff952b1bf6c (ntdll) RtlUserThreadStart

Native extension for iOS target not found
Native extension for Android target not found
Native extension for WindowsStandalone target not found
Native extension for WebGL target not found
Mono: successfully reloaded assembly
[Package Manager] Failed to launch server process. Reason: Unity was launched with the -noUpm command-line argument
[Package Manager] Unable to send message (not connected to server process).
[Package Manager] Cannot connect to Unity Package Manager local server
- Finished resetting the current domain, in  2.151 seconds
Domain Reload Profiling: 4334ms
	BeginReloadAssembly (504ms)
		ExecutionOrderSort (0ms)
		DisableScriptedObjects (17ms)
		BackupInstance (0ms)
		ReleaseScriptingObjects (0ms)
		CreateAndSetChildDomain (91ms)
	RebuildCommonClasses (73ms)
	RebuildNativeTypeToScriptingClass (17ms)
	initialDomainReloadingComplete (107ms)
	LoadAllAssembliesAndSetupDomain (1481ms)
		LoadAssemblies (1157ms)
		RebuildTransferFunctionScriptingTraits (0ms)
		AnalyzeDomain (641ms)
			TypeCache.Refresh (13ms)
				TypeCache.ScanAssembly (0ms)
			BuildScriptInfoCaches (607ms)
			ResolveRequiredComponents (16ms)
	FinalizeReload (2152ms)
		ReleaseScriptCaches (0ms)
		RebuildScriptCaches (0ms)
		SetupLoadedEditorAssemblies (1202ms)
			LogAssemblyErrors (0ms)
			InitializePlatformSupportModulesInManaged (26ms)
			SetLoadedEditorAssemblies (7ms)
			BeforeProcessingInitializeOnLoad (224ms)
			ProcessInitializeOnLoadAttributes (802ms)
			ProcessInitializeOnLoadMethodAttributes (126ms)
			AfterProcessingInitializeOnLoad (16ms)
			EditorAssembliesLoaded (0ms)
		ExecutionOrderSort2 (0ms)
		AwakeInstancesAfterBackupRestoration (22ms)
Refreshing native plugins compatible for Editor in 11.90 ms, found 4 plugins.
Preloading 0 native plugins for Editor in 0.00 ms.
Unloading 46 Unused Serialized files (Serialized files now loaded: 0)
Unloading 6860 unused Assets / (10.4 MB). Loaded Objects now: 7570.
Memory consumption went from 172.3 MB to 161.9 MB.
Total: 17.342000 ms (FindLiveObjects: 0.869200 ms CreateObjectMapping: 1.581000 ms MarkObjects: 7.627900 ms  DeleteObjects: 7.261300 ms)

Prepare: number of updated asset objects reloaded= 0
========================================================================
Received Import Request.
  Time since last request: 85.430880 seconds.
  path: Assets/Sprites/candle_2.png
  artifactKey: Guid(ba0fdac64829e364187d8eb8c75ff17e) Importer(815301076,1909f56bfc062723c751e8b465ee728b)
Start importing Assets/Sprites/candle_2.png using Guid(ba0fdac64829e364187d8eb8c75ff17e) Importer(815301076,1909f56bfc062723c751e8b465ee728b) (PreviewImporter) -> (artifact id: '3a8b7a9a669cdc7dd352ba031732879f') in 0.1312967 seconds
Number of updated asset objects reloaded before import = 0Number of asset objects unloaded after import = 3

========================================================================
Received Import Request.
  Time since last request: 0.000046 seconds.
  path: Assets/Sprites/candle_5.png
  artifactKey: Guid(e662ec70f34195147ab841048d0f2150) Importer(815301076,1909f56bfc062723c751e8b465ee728b)
Start importing Assets/Sprites/candle_5.png using Guid(e662ec70f34195147ab841048d0f2150) Importer(815301076,1909f56bfc062723c751e8b465ee728b) (PreviewImporter) -> (artifact id: '3a451c415f3207ab98b48fa99102dc3b') in 0.3775214 seconds
Number of updated asset objects reloaded before import = 0Number of asset objects unloaded after import = 3

========================================================================
Received Import Request.
  Time since last request: 0.000044 seconds.
  path: Assets/Sprites/candle_7.png
  artifactKey: Guid(7a8a155de3609fb418e0402fe84dae42) Importer(815301076,1909f56bfc062723c751e8b465ee728b)
Start importing Assets/Sprites/candle_7.png using Guid(7a8a155de3609fb418e0402fe84dae42) Importer(815301076,1909f56bfc062723c751e8b465ee728b) (PreviewImporter) -> (artifact id: '3e2e8fc547960e8579f7618353ed5aa9') in 0.0237834 seconds
Number of updated asset objects reloaded before import = 0Number of asset objects unloaded after import = 3

========================================================================
Received Import Request.
  Time since last request: 0.000026 seconds.
  path: Assets/Sprites/candle_8.png
  artifactKey: Guid(2ccbde91ea8fbd04492424673afa7a83) Importer(815301076,1909f56bfc062723c751e8b465ee728b)
Start importing Assets/Sprites/candle_8.png using Guid(2ccbde91ea8fbd04492424673afa7a83) Importer(815301076,1909f56bfc062723c751e8b465ee728b) (PreviewImporter) -> (artifact id: '76bb6a2512b8772afa3aba761a7c4904') in 0.0621533 seconds
Number of updated asset objects reloaded before import = 0Number of asset objects unloaded after import = 3

========================================================================
Received Import Request.
  Time since last request: 0.000034 seconds.
  path: Assets/Sprites/candle_4.png
  artifactKey: Guid(bcc37c61fbd45654491b173fff3dfeb6) Importer(815301076,1909f56bfc062723c751e8b465ee728b)
Start importing Assets/Sprites/candle_4.png using Guid(bcc37c61fbd45654491b173fff3dfeb6) Importer(815301076,1909f56bfc062723c751e8b465ee728b) (PreviewImporter) -> (artifact id: '4d29d503ff8067af7d03bbc2764c42fc') in 0.0440613 seconds
Number of updated asset objects reloaded before import = 0Number of asset objects unloaded after import = 3

========================================================================
Received Import Request.
  Time since last request: 68.223373 seconds.
  path: Assets/Sprites/21.png
  artifactKey: Guid(b8e6f547352d74e4e9b054e293f4eb70) Importer(815301076,1909f56bfc062723c751e8b465ee728b)
Start importing Assets/Sprites/21.png using Guid(b8e6f547352d74e4e9b054e293f4eb70) Importer(815301076,1909f56bfc062723c751e8b465ee728b) (PreviewImporter) -> (artifact id: 'e3f73750b1e1814936ec3426756267a8') in 0.0367334 seconds
Number of updated asset objects reloaded before import = 0Number of asset objects unloaded after import = 3

========================================================================
Received Import Request.
  Time since last request: 92.091763 seconds.
  path: Assets/Sprites/Botão jogar.png
  artifactKey: Guid(607a558521f56b64e85230dbe782b789) Importer(815301076,1909f56bfc062723c751e8b465ee728b)
Start importing Assets/Sprites/Botão jogar.png using Guid(607a558521f56b64e85230dbe782b789) Importer(815301076,1909f56bfc062723c751e8b465ee728b) (PreviewImporter) -> (artifact id: '627cc7e9412f5dff24defbd2c69e99a3') in 0.3493211 seconds
Number of updated asset objects reloaded before import = 0Number of asset objects unloaded after import = 15

========================================================================
Received Import Request.
  Time since last request: 0.000046 seconds.
  path: Assets/Sprites/No.png
  artifactKey: Guid(b7152442c774d264991b5233b3b3c49c) Importer(815301076,1909f56bfc062723c751e8b465ee728b)
Start importing Assets/Sprites/No.png using Guid(b7152442c774d264991b5233b3b3c49c) Importer(815301076,1909f56bfc062723c751e8b465ee728b) (PreviewImporter) -> (artifact id: '4eb42901c25b3f0c40e518fa37469f51') in 0.0508892 seconds
Number of updated asset objects reloaded before import = 0Number of asset objects unloaded after import = 4

========================================================================
Received Import Request.
  Time since last request: 0.000044 seconds.
  path: Assets/Sprites/Nuvem 2.png
  artifactKey: Guid(a0401f0d0cc4ac7439f2b20630740636) Importer(815301076,1909f56bfc062723c751e8b465ee728b)
Start importing Assets/Sprites/Nuvem 2.png using Guid(a0401f0d0cc4ac7439f2b20630740636) Importer(815301076,1909f56bfc062723c751e8b465ee728b) (PreviewImporter) -> (artifact id: 'f6fa1f9ff09f3afdc74e8264cc8c7791') in 0.024476 seconds
Number of updated asset objects reloaded before import = 0Number of asset objects unloaded after import = 3

========================================================================
Received Prepare
Begin MonoManager ReloadAssembly
- Loaded All Assemblies, in  1.333 seconds
Refreshing native plugins compatible for Editor in 11.50 ms, found 4 plugins.
Assertion failed on expression: 'pred(*previous, *i)'
0x00007ff894bd61ed (Unity) StackWalker::ShowCallstack
0x00007ff894be61a9 (Unity) PlatformStacktrace::GetStacktrace
0x00007ff895e4fd1e (Unity) Stacktrace::GetStacktrace
0x00007ff8963f856f (Unity) DebugStringToFile
0x00007ff8963f812a (Unity) AssertImplementation
0x00007ff894a87363 (Unity) MonoScriptManager::CollectGarbageIn
0x00007ff894a87018 (Unity) MonoScriptManager::CollectGarbage
0x00007ff894ac0078 (Unity) MonoManager::FinalizeReload
0x00007ff895ff4e55 (Unity) ScriptingInitializer::FinalizeReload
0x00007ff8960441bf (Unity) AssetImportWorkerClient::ReloadScriptingDomain
0x00007ff89601dd2c (Unity) <lambda_94302c41bc55323db1fed16712a08587>::operator()
0x00007ff89610160e (Unity) asio::detail::completion_handler<core::mutable_function<void __cdecl(void)>,asio::io_context::basic_executor_type<std::allocator<void>,0> >::do_complete
0x00007ff8960eee9a (Unity) asio::detail::win_iocp_io_context::do_one
0x00007ff8960f0204 (Unity) asio::detail::win_iocp_io_context::run
0x00007ff8960ffc2c (Unity) IOService::Run
0x00007ff896048236 (Unity) RunAssetImportWorkerClientV2
0x00007ff8960482fb (Unity) RunAssetImporterV2
0x00007ff895854e69 (Unity) Application::InitializeProject
0x00007ff895e5a353 (Unity) UnityMain
0x00007ff7550b2fba (Unity) __scrt_common_main_seh
0x00007ff950efe8d7 (KERNEL32) BaseThreadInitThunk
0x00007ff952b1bf6c (ntdll) RtlUserThreadStart

Assertion failed on expression: 'pred(*previous, *i)'
0x00007ff894bd61ed (Unity) StackWalker::ShowCallstack
0x00007ff894be61a9 (Unity) PlatformStacktrace::GetStacktrace
0x00007ff895e4fd1e (Unity) Stacktrace::GetStacktrace
0x00007ff8963f856f (Unity) DebugStringToFile
0x00007ff8963f812a (Unity) AssertImplementation
0x00007ff894a87363 (Unity) MonoScriptManager::CollectGarbageIn
0x00007ff894a87018 (Unity) MonoScriptManager::CollectGarbage
0x00007ff894ac0078 (Unity) MonoManager::FinalizeReload
0x00007ff895ff4e55 (Unity) ScriptingInitializer::FinalizeReload
0x00007ff8960441bf (Unity) AssetImportWorkerClient::ReloadScriptingDomain
0x00007ff89601dd2c (Unity) <lambda_94302c41bc55323db1fed16712a08587>::operator()
0x00007ff89610160e (Unity) asio::detail::completion_handler<core::mutable_function<void __cdecl(void)>,asio::io_context::basic_executor_type<std::allocator<void>,0> >::do_complete
0x00007ff8960eee9a (Unity) asio::detail::win_iocp_io_context::do_one
0x00007ff8960f0204 (Unity) asio::detail::win_iocp_io_context::run
0x00007ff8960ffc2c (Unity) IOService::Run
0x00007ff896048236 (Unity) RunAssetImportWorkerClientV2
0x00007ff8960482fb (Unity) RunAssetImporterV2
0x00007ff895854e69 (Unity) Application::InitializeProject
0x00007ff895e5a353 (Unity) UnityMain
0x00007ff7550b2fba (Unity) __scrt_common_main_seh
0x00007ff950efe8d7 (KERNEL32) BaseThreadInitThunk
0x00007ff952b1bf6c (ntdll) RtlUserThreadStart

Native extension for iOS target not found
Native extension for Android target not found
Native extension for WindowsStandalone target not found
Native extension for WebGL target not found
Mono: successfully reloaded assembly
[Package Manager] Failed to launch server process. Reason: Unity was launched with the -noUpm command-line argument
[Package Manager] Unable to send message (not connected to server process).
[Package Manager] Cannot connect to Unity Package Manager local server
- Finished resetting the current domain, in  1.295 seconds
Domain Reload Profiling: 2615ms
	BeginReloadAssembly (329ms)
		ExecutionOrderSort (0ms)
		DisableScriptedObjects (19ms)
		BackupInstance (0ms)
		ReleaseScriptingObjects (0ms)
		CreateAndSetChildDomain (78ms)
	RebuildCommonClasses (52ms)
	RebuildNativeTypeToScriptingClass (21ms)
	initialDomainReloadingComplete (41ms)
	LoadAllAssembliesAndSetupDomain (878ms)
		LoadAssemblies (693ms)
		RebuildTransferFunctionScriptingTraits (0ms)
		AnalyzeDomain (345ms)
			TypeCache.Refresh (12ms)
				TypeCache.ScanAssembly (1ms)
			BuildScriptInfoCaches (313ms)
			ResolveRequiredComponents (14ms)
	FinalizeReload (1295ms)
		ReleaseScriptCaches (0ms)
		RebuildScriptCaches (0ms)
		SetupLoadedEditorAssemblies (861ms)
			LogAssemblyErrors (0ms)
			InitializePlatformSupportModulesInManaged (34ms)
			SetLoadedEditorAssemblies (8ms)
			BeforeProcessingInitializeOnLoad (193ms)
			ProcessInitializeOnLoadAttributes (541ms)
			ProcessInitializeOnLoadMethodAttributes (73ms)
			AfterProcessingInitializeOnLoad (11ms)
			EditorAssembliesLoaded (0ms)
		ExecutionOrderSort2 (0ms)
		AwakeInstancesAfterBackupRestoration (14ms)
Refreshing native plugins compatible for Editor in 13.85 ms, found 4 plugins.
Preloading 0 native plugins for Editor in 0.00 ms.
Unloading 60 Unused Serialized files (Serialized files now loaded: 0)
Unloading 6908 unused Assets / (10.8 MB). Loaded Objects now: 7633.
Memory consumption went from 176.6 MB to 165.9 MB.
Total: 16.758900 ms (FindLiveObjects: 1.208900 ms CreateObjectMapping: 2.163300 ms MarkObjects: 7.564000 ms  DeleteObjects: 5.820700 ms)

Prepare: number of updated asset objects reloaded= 0
========================================================================
Received Prepare
Begin MonoManager ReloadAssembly
- Loaded All Assemblies, in  1.874 seconds
Refreshing native plugins compatible for Editor in 20.53 ms, found 4 plugins.
Assertion failed on expression: 'pred(*previous, *i)'
0x00007ff894bd61ed (Unity) StackWalker::ShowCallstack
0x00007ff894be61a9 (Unity) PlatformStacktrace::GetStacktrace
0x00007ff895e4fd1e (Unity) Stacktrace::GetStacktrace
0x00007ff8963f856f (Unity) DebugStringToFile
0x00007ff8963f812a (Unity) AssertImplementation
0x00007ff894a87363 (Unity) MonoScriptManager::CollectGarbageIn
0x00007ff894a87018 (Unity) MonoScriptManager::CollectGarbage
0x00007ff894ac0078 (Unity) MonoManager::FinalizeReload
0x00007ff895ff4e55 (Unity) ScriptingInitializer::FinalizeReload
0x00007ff8960441bf (Unity) AssetImportWorkerClient::ReloadScriptingDomain
0x00007ff89601dd2c (Unity) <lambda_94302c41bc55323db1fed16712a08587>::operator()
0x00007ff89610160e (Unity) asio::detail::completion_handler<core::mutable_function<void __cdecl(void)>,asio::io_context::basic_executor_type<std::allocator<void>,0> >::do_complete
0x00007ff8960eee9a (Unity) asio::detail::win_iocp_io_context::do_one
0x00007ff8960f0204 (Unity) asio::detail::win_iocp_io_context::run
0x00007ff8960ffc2c (Unity) IOService::Run
0x00007ff896048236 (Unity) RunAssetImportWorkerClientV2
0x00007ff8960482fb (Unity) RunAssetImporterV2
0x00007ff895854e69 (Unity) Application::InitializeProject
0x00007ff895e5a353 (Unity) UnityMain
0x00007ff7550b2fba (Unity) __scrt_common_main_seh
0x00007ff950efe8d7 (KERNEL32) BaseThreadInitThunk
0x00007ff952b1bf6c (ntdll) RtlUserThreadStart

Assertion failed on expression: 'pred(*previous, *i)'
0x00007ff894bd61ed (Unity) StackWalker::ShowCallstack
0x00007ff894be61a9 (Unity) PlatformStacktrace::GetStacktrace
0x00007ff895e4fd1e (Unity) Stacktrace::GetStacktrace
0x00007ff8963f856f (Unity) DebugStringToFile
0x00007ff8963f812a (Unity) AssertImplementation
0x00007ff894a87363 (Unity) MonoScriptManager::CollectGarbageIn
0x00007ff894a87018 (Unity) MonoScriptManager::CollectGarbage
0x00007ff894ac0078 (Unity) MonoManager::FinalizeReload
0x00007ff895ff4e55 (Unity) ScriptingInitializer::FinalizeReload
0x00007ff8960441bf (Unity) AssetImportWorkerClient::ReloadScriptingDomain
0x00007ff89601dd2c (Unity) <lambda_94302c41bc55323db1fed16712a08587>::operator()
0x00007ff89610160e (Unity) asio::detail::completion_handler<core::mutable_function<void __cdecl(void)>,asio::io_context::basic_executor_type<std::allocator<void>,0> >::do_complete
0x00007ff8960eee9a (Unity) asio::detail::win_iocp_io_context::do_one
0x00007ff8960f0204 (Unity) asio::detail::win_iocp_io_context::run
0x00007ff8960ffc2c (Unity) IOService::Run
0x00007ff896048236 (Unity) RunAssetImportWorkerClientV2
0x00007ff8960482fb (Unity) RunAssetImporterV2
0x00007ff895854e69 (Unity) Application::InitializeProject
0x00007ff895e5a353 (Unity) UnityMain
0x00007ff7550b2fba (Unity) __scrt_common_main_seh
0x00007ff950efe8d7 (KERNEL32) BaseThreadInitThunk
0x00007ff952b1bf6c (ntdll) RtlUserThreadStart

Native extension for iOS target not found
Native extension for Android target not found
Native extension for WindowsStandalone target not found
Native extension for WebGL target not found
Mono: successfully reloaded assembly
[Package Manager] Failed to launch server process. Reason: Unity was launched with the -noUpm command-line argument
[Package Manager] Unable to send message (not connected to server process).
[Package Manager] Cannot connect to Unity Package Manager local server
- Finished resetting the current domain, in  2.051 seconds
Domain Reload Profiling: 3872ms
	BeginReloadAssembly (407ms)
		ExecutionOrderSort (0ms)
		DisableScriptedObjects (44ms)
		BackupInstance (0ms)
		ReleaseScriptingObjects (0ms)
		CreateAndSetChildDomain (101ms)
	RebuildCommonClasses (51ms)
	RebuildNativeTypeToScriptingClass (18ms)
	initialDomainReloadingComplete (85ms)
	LoadAllAssembliesAndSetupDomain (1259ms)
		LoadAssemblies (988ms)
		RebuildTransferFunctionScriptingTraits (0ms)
		AnalyzeDomain (427ms)
			TypeCache.Refresh (8ms)
				TypeCache.ScanAssembly (0ms)
			BuildScriptInfoCaches (393ms)
			ResolveRequiredComponents (20ms)
	FinalizeReload (2051ms)
		ReleaseScriptCaches (0ms)
		RebuildScriptCaches (0ms)
		SetupLoadedEditorAssemblies (1337ms)
			LogAssemblyErrors (0ms)
			InitializePlatformSupportModulesInManaged (28ms)
			SetLoadedEditorAssemblies (7ms)
			BeforeProcessingInitializeOnLoad (237ms)
			ProcessInitializeOnLoadAttributes (895ms)
			ProcessInitializeOnLoadMethodAttributes (154ms)
			AfterProcessingInitializeOnLoad (16ms)
			EditorAssembliesLoaded (1ms)
		ExecutionOrderSort2 (0ms)
		AwakeInstancesAfterBackupRestoration (19ms)
Refreshing native plugins compatible for Editor in 13.01 ms, found 4 plugins.
Preloading 0 native plugins for Editor in 0.00 ms.
Unloading 60 Unused Serialized files (Serialized files now loaded: 0)
Unloading 6908 unused Assets / (10.8 MB). Loaded Objects now: 7635.
Memory consumption went from 176.6 MB to 165.8 MB.
Total: 18.893500 ms (FindLiveObjects: 1.050600 ms CreateObjectMapping: 1.194300 ms MarkObjects: 7.535200 ms  DeleteObjects: 9.111000 ms)

Prepare: number of updated asset objects reloaded= 0
